<?xml version="1.0" encoding="UTF-8"?>
<!-- Generated by org.testng.reporters.JUnitReportReporter -->
<testsuite hostname="ALEKSANDRA" failures="0" tests="1" name="helloworld_aleksandra.TestHelloWorld" time="0.007" errors="0" timestamp="2020-02-19T00:02:09 CET" skipped="0">
  <testcase classname="helloworld_aleksandra.TestHelloWorld" name="testHelloWorld" time="0.007"/>
  <system-out/>
</testsuite> <!-- helloworld_aleksandra.TestHelloWorld -->
